<?xml version="1.0" encoding="UTF-8"?>
<testsuite xmlns:xsi="http://www.w3.org/2001/XMLSchema-instance" xsi:noNamespaceSchemaLocation="https://maven.apache.org/surefire/maven-surefire-plugin/xsd/surefire-test-report.xsd" name="com.blackPh.UserTest" time="0.079" tests="1" errors="0" skipped="0" failures="0">
  <properties>
    <property name="gopherProxySet" value="false"/>
    <property name="awt.toolkit" value="sun.lwawt.macosx.LWCToolkit"/>
    <property name="file.encoding.pkg" value="sun.io"/>
    <property name="java.specification.version" value="1.8"/>
    <property name="sun.cpu.isalist" value=""/>
    <property name="sun.jnu.encoding" value="UTF-8"/>
    <property name="java.class.path" value="/Users/mac/Desktop/com.blackPh/ashitaka/web/target/test-classes:/Users/mac/Desktop/com.blackPh/ashitaka/web/target/classes:/Users/mac/Desktop/com.blackPh/ashitaka/common/target/common-1.0-SNAPSHOT.jar:/Users/mac/.m2/repository/org/apache/commons/commons-lang3/3.3.2/commons-lang3-3.3.2.jar:/Users/mac/.m2/repository/commons-io/commons-io/1.3.2/commons-io-1.3.2.jar:/Users/mac/.m2/repository/commons-net/commons-net/3.3/commons-net-3.3.jar:/Users/mac/.m2/repository/org/apache/httpcomponents/httpclient/4.3.5/httpclient-4.3.5.jar:/Users/mac/.m2/repository/org/apache/httpcomponents/httpcore/4.3.2/httpcore-4.3.2.jar:/Users/mac/.m2/repository/commons-logging/commons-logging/1.1.3/commons-logging-1.1.3.jar:/Users/mac/.m2/repository/commons-codec/commons-codec/1.6/commons-codec-1.6.jar:/Users/mac/.m2/repository/org/quartz-scheduler/quartz/2.2.2/quartz-2.2.2.jar:/Users/mac/.m2/repository/c3p0/c3p0/0.9.1.1/c3p0-0.9.1.1.jar:/Users/mac/.m2/repository/org/slf4j/slf4j-log4j12/1.6.4/slf4j-log4j12-1.6.4.jar:/Users/mac/.m2/repository/org/projectlombok/lombok/1.16.4/lombok-1.16.4.jar:/Users/mac/Desktop/com.blackPh/ashitaka/service/target/service-1.0-SNAPSHOT.jar:/Users/mac/Desktop/com.blackPh/ashitaka/dao/target/dao-1.0-SNAPSHOT.jar:/Users/mac/.m2/repository/org/mybatis/mybatis/3.2.8/mybatis-3.2.8.jar:/Users/mac/.m2/repository/org/mybatis/mybatis-spring/1.2.2/mybatis-spring-1.2.2.jar:/Users/mac/.m2/repository/com/github/miemiedev/mybatis-paginator/1.2.15/mybatis-paginator-1.2.15.jar:/Users/mac/.m2/repository/mysql/mysql-connector-java/5.1.32/mysql-connector-java-5.1.32.jar:/Users/mac/.m2/repository/com/alibaba/druid/1.0.9/druid-1.0.9.jar:/Library/Java/JavaVirtualMachines/jdk1.8.0_171.jdk/Contents/Home/jre/../lib/jconsole.jar:/Library/Java/JavaVirtualMachines/jdk1.8.0_171.jdk/Contents/Home/jre/../lib/tools.jar:/Users/mac/.m2/repository/junit/junit/4.12/junit-4.12.jar:/Users/mac/.m2/repository/org/hamcrest/hamcrest-core/1.3/hamcrest-core-1.3.jar:/Users/mac/.m2/repository/org/springframework/spring-context/4.2.4.RELEASE/spring-context-4.2.4.RELEASE.jar:/Users/mac/.m2/repository/org/springframework/spring-aop/4.2.4.RELEASE/spring-aop-4.2.4.RELEASE.jar:/Users/mac/.m2/repository/aopalliance/aopalliance/1.0/aopalliance-1.0.jar:/Users/mac/.m2/repository/org/springframework/spring-core/4.2.4.RELEASE/spring-core-4.2.4.RELEASE.jar:/Users/mac/.m2/repository/org/springframework/spring-expression/4.2.4.RELEASE/spring-expression-4.2.4.RELEASE.jar:/Users/mac/.m2/repository/org/springframework/spring-beans/4.2.4.RELEASE/spring-beans-4.2.4.RELEASE.jar:/Users/mac/.m2/repository/org/springframework/spring-webmvc/4.2.4.RELEASE/spring-webmvc-4.2.4.RELEASE.jar:/Users/mac/.m2/repository/org/springframework/spring-web/4.2.4.RELEASE/spring-web-4.2.4.RELEASE.jar:/Users/mac/.m2/repository/org/springframework/spring-jdbc/4.2.4.RELEASE/spring-jdbc-4.2.4.RELEASE.jar:/Users/mac/.m2/repository/org/springframework/spring-tx/4.2.4.RELEASE/spring-tx-4.2.4.RELEASE.jar:/Users/mac/.m2/repository/org/springframework/spring-aspects/4.2.4.RELEASE/spring-aspects-4.2.4.RELEASE.jar:/Users/mac/.m2/repository/org/aspectj/aspectjweaver/1.8.7/aspectjweaver-1.8.7.jar:/Users/mac/.m2/repository/org/springframework/spring-jms/4.2.4.RELEASE/spring-jms-4.2.4.RELEASE.jar:/Users/mac/.m2/repository/org/springframework/spring-messaging/4.2.4.RELEASE/spring-messaging-4.2.4.RELEASE.jar:/Users/mac/.m2/repository/org/springframework/spring-context-support/4.2.4.RELEASE/spring-context-support-4.2.4.RELEASE.jar:/Users/mac/.m2/repository/com/alibaba/dubbo/2.5.3/dubbo-2.5.3.jar:/Users/mac/.m2/repository/org/javassist/javassist/3.15.0-GA/javassist-3.15.0-GA.jar:/Users/mac/.m2/repository/org/apache/zookeeper/zookeeper/3.4.7/zookeeper-3.4.7.jar:/Users/mac/.m2/repository/org/slf4j/slf4j-api/1.6.1/slf4j-api-1.6.1.jar:/Users/mac/.m2/repository/log4j/log4j/1.2.16/log4j-1.2.16.jar:/Users/mac/.m2/repository/jline/jline/0.9.94/jline-0.9.94.jar:/Users/mac/.m2/repository/io/netty/netty/3.7.0.Final/netty-3.7.0.Final.jar:/Users/mac/.m2/repository/com/github/sgroschupf/zkclient/0.1/zkclient-0.1.jar:/Users/mac/.m2/repository/io/springfox/springfox-swagger2/2.4.0/springfox-swagger2-2.4.0.jar:/Users/mac/.m2/repository/io/swagger/swagger-annotations/1.5.6/swagger-annotations-1.5.6.jar:/Users/mac/.m2/repository/io/swagger/swagger-models/1.5.6/swagger-models-1.5.6.jar:/Users/mac/.m2/repository/io/springfox/springfox-spi/2.4.0/springfox-spi-2.4.0.jar:/Users/mac/.m2/repository/io/springfox/springfox-core/2.4.0/springfox-core-2.4.0.jar:/Users/mac/.m2/repository/io/springfox/springfox-schema/2.4.0/springfox-schema-2.4.0.jar:/Users/mac/.m2/repository/io/springfox/springfox-swagger-common/2.4.0/springfox-swagger-common-2.4.0.jar:/Users/mac/.m2/repository/io/springfox/springfox-spring-web/2.4.0/springfox-spring-web-2.4.0.jar:/Users/mac/.m2/repository/org/springframework/plugin/spring-plugin-core/1.2.0.RELEASE/spring-plugin-core-1.2.0.RELEASE.jar:/Users/mac/.m2/repository/org/springframework/plugin/spring-plugin-metadata/1.2.0.RELEASE/spring-plugin-metadata-1.2.0.RELEASE.jar:/Users/mac/.m2/repository/io/springfox/springfox-swagger-ui/2.4.0/springfox-swagger-ui-2.4.0.jar:/Users/mac/.m2/repository/com/fasterxml/classmate/1.1.0/classmate-1.1.0.jar:/Users/mac/.m2/repository/com/fasterxml/jackson/core/jackson-annotations/2.4.2/jackson-annotations-2.4.2.jar:/Users/mac/.m2/repository/com/fasterxml/jackson/core/jackson-databind/2.4.2/jackson-databind-2.4.2.jar:/Users/mac/.m2/repository/com/fasterxml/jackson/core/jackson-core/2.4.2/jackson-core-2.4.2.jar:/Users/mac/.m2/repository/com/google/guava/guava/18.0/guava-18.0.jar:/Users/mac/.m2/repository/jstl/jstl/1.2/jstl-1.2.jar:/Users/mac/.m2/repository/javax/servlet/servlet-api/2.5/servlet-api-2.5.jar:/Users/mac/.m2/repository/javax/servlet/jsp-api/2.0/jsp-api-2.0.jar:"/>
    <property name="java.vm.vendor" value="Oracle Corporation"/>
    <property name="sun.arch.data.model" value="64"/>
    <property name="java.vendor.url" value="http://java.oracle.com/"/>
    <property name="user.timezone" value=""/>
    <property name="java.vm.specification.version" value="1.8"/>
    <property name="os.name" value="Mac OS X"/>
    <property name="user.country" value="CN"/>
    <property name="sun.java.launcher" value="SUN_STANDARD"/>
    <property name="sun.boot.library.path" value="/Library/Java/JavaVirtualMachines/jdk1.8.0_171.jdk/Contents/Home/jre/lib"/>
    <property name="sun.java.command" value="/Users/mac/Desktop/com.blackPh/ashitaka/web/target/surefire/surefirebooter5771449930817693182.jar /Users/mac/Desktop/com.blackPh/ashitaka/web/target/surefire 2018-07-13T14-08-55_104-jvmRun1 surefire5782856902614130045tmp surefire_01605908387227103090tmp"/>
    <property name="surefire.test.class.path" value="/Users/mac/Desktop/com.blackPh/ashitaka/web/target/test-classes:/Users/mac/Desktop/com.blackPh/ashitaka/web/target/classes:/Users/mac/Desktop/com.blackPh/ashitaka/common/target/common-1.0-SNAPSHOT.jar:/Users/mac/.m2/repository/org/apache/commons/commons-lang3/3.3.2/commons-lang3-3.3.2.jar:/Users/mac/.m2/repository/commons-io/commons-io/1.3.2/commons-io-1.3.2.jar:/Users/mac/.m2/repository/commons-net/commons-net/3.3/commons-net-3.3.jar:/Users/mac/.m2/repository/org/apache/httpcomponents/httpclient/4.3.5/httpclient-4.3.5.jar:/Users/mac/.m2/repository/org/apache/httpcomponents/httpcore/4.3.2/httpcore-4.3.2.jar:/Users/mac/.m2/repository/commons-logging/commons-logging/1.1.3/commons-logging-1.1.3.jar:/Users/mac/.m2/repository/commons-codec/commons-codec/1.6/commons-codec-1.6.jar:/Users/mac/.m2/repository/org/quartz-scheduler/quartz/2.2.2/quartz-2.2.2.jar:/Users/mac/.m2/repository/c3p0/c3p0/0.9.1.1/c3p0-0.9.1.1.jar:/Users/mac/.m2/repository/org/slf4j/slf4j-log4j12/1.6.4/slf4j-log4j12-1.6.4.jar:/Users/mac/.m2/repository/org/projectlombok/lombok/1.16.4/lombok-1.16.4.jar:/Users/mac/Desktop/com.blackPh/ashitaka/service/target/service-1.0-SNAPSHOT.jar:/Users/mac/Desktop/com.blackPh/ashitaka/dao/target/dao-1.0-SNAPSHOT.jar:/Users/mac/.m2/repository/org/mybatis/mybatis/3.2.8/mybatis-3.2.8.jar:/Users/mac/.m2/repository/org/mybatis/mybatis-spring/1.2.2/mybatis-spring-1.2.2.jar:/Users/mac/.m2/repository/com/github/miemiedev/mybatis-paginator/1.2.15/mybatis-paginator-1.2.15.jar:/Users/mac/.m2/repository/mysql/mysql-connector-java/5.1.32/mysql-connector-java-5.1.32.jar:/Users/mac/.m2/repository/com/alibaba/druid/1.0.9/druid-1.0.9.jar:/Library/Java/JavaVirtualMachines/jdk1.8.0_171.jdk/Contents/Home/jre/../lib/jconsole.jar:/Library/Java/JavaVirtualMachines/jdk1.8.0_171.jdk/Contents/Home/jre/../lib/tools.jar:/Users/mac/.m2/repository/junit/junit/4.12/junit-4.12.jar:/Users/mac/.m2/repository/org/hamcrest/hamcrest-core/1.3/hamcrest-core-1.3.jar:/Users/mac/.m2/repository/org/springframework/spring-context/4.2.4.RELEASE/spring-context-4.2.4.RELEASE.jar:/Users/mac/.m2/repository/org/springframework/spring-aop/4.2.4.RELEASE/spring-aop-4.2.4.RELEASE.jar:/Users/mac/.m2/repository/aopalliance/aopalliance/1.0/aopalliance-1.0.jar:/Users/mac/.m2/repository/org/springframework/spring-core/4.2.4.RELEASE/spring-core-4.2.4.RELEASE.jar:/Users/mac/.m2/repository/org/springframework/spring-expression/4.2.4.RELEASE/spring-expression-4.2.4.RELEASE.jar:/Users/mac/.m2/repository/org/springframework/spring-beans/4.2.4.RELEASE/spring-beans-4.2.4.RELEASE.jar:/Users/mac/.m2/repository/org/springframework/spring-webmvc/4.2.4.RELEASE/spring-webmvc-4.2.4.RELEASE.jar:/Users/mac/.m2/repository/org/springframework/spring-web/4.2.4.RELEASE/spring-web-4.2.4.RELEASE.jar:/Users/mac/.m2/repository/org/springframework/spring-jdbc/4.2.4.RELEASE/spring-jdbc-4.2.4.RELEASE.jar:/Users/mac/.m2/repository/org/springframework/spring-tx/4.2.4.RELEASE/spring-tx-4.2.4.RELEASE.jar:/Users/mac/.m2/repository/org/springframework/spring-aspects/4.2.4.RELEASE/spring-aspects-4.2.4.RELEASE.jar:/Users/mac/.m2/repository/org/aspectj/aspectjweaver/1.8.7/aspectjweaver-1.8.7.jar:/Users/mac/.m2/repository/org/springframework/spring-jms/4.2.4.RELEASE/spring-jms-4.2.4.RELEASE.jar:/Users/mac/.m2/repository/org/springframework/spring-messaging/4.2.4.RELEASE/spring-messaging-4.2.4.RELEASE.jar:/Users/mac/.m2/repository/org/springframework/spring-context-support/4.2.4.RELEASE/spring-context-support-4.2.4.RELEASE.jar:/Users/mac/.m2/repository/com/alibaba/dubbo/2.5.3/dubbo-2.5.3.jar:/Users/mac/.m2/repository/org/javassist/javassist/3.15.0-GA/javassist-3.15.0-GA.jar:/Users/mac/.m2/repository/org/apache/zookeeper/zookeeper/3.4.7/zookeeper-3.4.7.jar:/Users/mac/.m2/repository/org/slf4j/slf4j-api/1.6.1/slf4j-api-1.6.1.jar:/Users/mac/.m2/repository/log4j/log4j/1.2.16/log4j-1.2.16.jar:/Users/mac/.m2/repository/jline/jline/0.9.94/jline-0.9.94.jar:/Users/mac/.m2/repository/io/netty/netty/3.7.0.Final/netty-3.7.0.Final.jar:/Users/mac/.m2/repository/com/github/sgroschupf/zkclient/0.1/zkclient-0.1.jar:/Users/mac/.m2/repository/io/springfox/springfox-swagger2/2.4.0/springfox-swagger2-2.4.0.jar:/Users/mac/.m2/repository/io/swagger/swagger-annotations/1.5.6/swagger-annotations-1.5.6.jar:/Users/mac/.m2/repository/io/swagger/swagger-models/1.5.6/swagger-models-1.5.6.jar:/Users/mac/.m2/repository/io/springfox/springfox-spi/2.4.0/springfox-spi-2.4.0.jar:/Users/mac/.m2/repository/io/springfox/springfox-core/2.4.0/springfox-core-2.4.0.jar:/Users/mac/.m2/repository/io/springfox/springfox-schema/2.4.0/springfox-schema-2.4.0.jar:/Users/mac/.m2/repository/io/springfox/springfox-swagger-common/2.4.0/springfox-swagger-common-2.4.0.jar:/Users/mac/.m2/repository/io/springfox/springfox-spring-web/2.4.0/springfox-spring-web-2.4.0.jar:/Users/mac/.m2/repository/org/springframework/plugin/spring-plugin-core/1.2.0.RELEASE/spring-plugin-core-1.2.0.RELEASE.jar:/Users/mac/.m2/repository/org/springframework/plugin/spring-plugin-metadata/1.2.0.RELEASE/spring-plugin-metadata-1.2.0.RELEASE.jar:/Users/mac/.m2/repository/io/springfox/springfox-swagger-ui/2.4.0/springfox-swagger-ui-2.4.0.jar:/Users/mac/.m2/repository/com/fasterxml/classmate/1.1.0/classmate-1.1.0.jar:/Users/mac/.m2/repository/com/fasterxml/jackson/core/jackson-annotations/2.4.2/jackson-annotations-2.4.2.jar:/Users/mac/.m2/repository/com/fasterxml/jackson/core/jackson-databind/2.4.2/jackson-databind-2.4.2.jar:/Users/mac/.m2/repository/com/fasterxml/jackson/core/jackson-core/2.4.2/jackson-core-2.4.2.jar:/Users/mac/.m2/repository/com/google/guava/guava/18.0/guava-18.0.jar:/Users/mac/.m2/repository/jstl/jstl/1.2/jstl-1.2.jar:/Users/mac/.m2/repository/javax/servlet/servlet-api/2.5/servlet-api-2.5.jar:/Users/mac/.m2/repository/javax/servlet/jsp-api/2.0/jsp-api-2.0.jar:"/>
    <property name="sun.cpu.endian" value="little"/>
    <property name="user.home" value="/Users/mac"/>
    <property name="user.language" value="zh"/>
    <property name="java.specification.vendor" value="Oracle Corporation"/>
    <property name="java.home" value="/Library/Java/JavaVirtualMachines/jdk1.8.0_171.jdk/Contents/Home/jre"/>
    <property name="basedir" value="/Users/mac/Desktop/com.blackPh/ashitaka/web"/>
    <property name="file.separator" value="/"/>
    <property name="line.separator" value="&#10;"/>
    <property name="java.vm.specification.vendor" value="Oracle Corporation"/>
    <property name="java.specification.name" value="Java Platform API Specification"/>
    <property name="java.awt.graphicsenv" value="sun.awt.CGraphicsEnvironment"/>
    <property name="surefire.real.class.path" value="/Users/mac/Desktop/com.blackPh/ashitaka/web/target/surefire/surefirebooter5771449930817693182.jar"/>
    <property name="sun.boot.class.path" value="/Library/Java/JavaVirtualMachines/jdk1.8.0_171.jdk/Contents/Home/jre/lib/resources.jar:/Library/Java/JavaVirtualMachines/jdk1.8.0_171.jdk/Contents/Home/jre/lib/rt.jar:/Library/Java/JavaVirtualMachines/jdk1.8.0_171.jdk/Contents/Home/jre/lib/sunrsasign.jar:/Library/Java/JavaVirtualMachines/jdk1.8.0_171.jdk/Contents/Home/jre/lib/jsse.jar:/Library/Java/JavaVirtualMachines/jdk1.8.0_171.jdk/Contents/Home/jre/lib/jce.jar:/Library/Java/JavaVirtualMachines/jdk1.8.0_171.jdk/Contents/Home/jre/lib/charsets.jar:/Library/Java/JavaVirtualMachines/jdk1.8.0_171.jdk/Contents/Home/jre/lib/jfr.jar:/Library/Java/JavaVirtualMachines/jdk1.8.0_171.jdk/Contents/Home/jre/classes"/>
    <property name="sun.management.compiler" value="HotSpot 64-Bit Tiered Compilers"/>
    <property name="java.runtime.version" value="1.8.0_171-b11"/>
    <property name="user.name" value="mac"/>
    <property name="path.separator" value=":"/>
    <property name="os.version" value="10.13.4"/>
    <property name="java.endorsed.dirs" value="/Library/Java/JavaVirtualMachines/jdk1.8.0_171.jdk/Contents/Home/jre/lib/endorsed"/>
    <property name="java.runtime.name" value="Java(TM) SE Runtime Environment"/>
    <property name="file.encoding" value="UTF-8"/>
    <property name="java.vm.name" value="Java HotSpot(TM) 64-Bit Server VM"/>
    <property name="localRepository" value="/Users/mac/.m2/repository"/>
    <property name="java.vendor.url.bug" value="http://bugreport.sun.com/bugreport/"/>
    <property name="java.io.tmpdir" value="/var/folders/n9/br4xqw6x7mb_yrjx7zvq92zr0000gn/T/"/>
    <property name="java.version" value="1.8.0_171"/>
    <property name="user.dir" value="/Users/mac/Desktop/com.blackPh/ashitaka/web"/>
    <property name="os.arch" value="x86_64"/>
    <property name="java.vm.specification.name" value="Java Virtual Machine Specification"/>
    <property name="java.awt.printerjob" value="sun.lwawt.macosx.CPrinterJob"/>
    <property name="user.language.format" value="en"/>
    <property name="sun.os.patch.level" value="unknown"/>
    <property name="java.library.path" value="/Users/mac/Library/Java/Extensions:/Library/Java/Extensions:/Network/Library/Java/Extensions:/System/Library/Java/Extensions:/usr/lib/java:."/>
    <property name="java.vm.info" value="mixed mode"/>
    <property name="java.vendor" value="Oracle Corporation"/>
    <property name="java.vm.version" value="25.171-b11"/>
    <property name="java.ext.dirs" value="/Users/mac/Library/Java/Extensions:/Library/Java/JavaVirtualMachines/jdk1.8.0_171.jdk/Contents/Home/jre/lib/ext:/Library/Java/Extensions:/Network/Library/Java/Extensions:/System/Library/Java/Extensions:/usr/lib/java"/>
    <property name="sun.io.unicode.encoding" value="UnicodeBig"/>
    <property name="java.class.version" value="52.0"/>
  </properties>
  <testcase name="test" classname="com.blackPh.UserTest" time="0.003"/>
</testsuite>